0 verbose cli /usr/bin/node /usr/bin/npm
1 info using npm@10.8.2
2 info using node@v20.19.3
3 silly config load:file:/usr/lib/node_modules/npm/npmrc
4 silly config load:file:/home/ubuntu/3tierweekendbackend/.npmrc
5 silly config load:file:/home/ubuntu/.npmrc
6 silly config load:file:/usr/etc/npmrc
7 verbose title npm install nodemon
8 verbose argv "install" "nodemon"
9 verbose logfile logs-max:10 dir:/home/ubuntu/.npm/_logs/2025-06-30T09_33_25_208Z-
10 verbose logfile /home/ubuntu/.npm/_logs/2025-06-30T09_33_25_208Z-debug-0.log
11 silly packumentCache heap:2101608448 maxSize:525402112 maxEntrySize:262701056
12 silly logfile done cleaning log files
13 silly idealTree buildDeps
14 silly fetch manifest nodemon@*
15 silly packumentCache full:https://registry.npmjs.org/nodemon cache-miss
16 http fetch GET 200 https://registry.npmjs.org/nodemon 181ms (cache miss)
17 silly packumentCache full:https://registry.npmjs.org/nodemon set size:undefined disposed:false
18 silly placeDep ROOT nodemon@3.1.10 OK for: student-app@1.0.0 want: *
19 silly fetch manifest debug@^4
20 silly packumentCache full:https://registry.npmjs.org/debug cache-miss
21 http fetch GET 200 https://registry.npmjs.org/debug 56ms (cache miss)
22 silly packumentCache full:https://registry.npmjs.org/debug set size:undefined disposed:false
23 silly fetch manifest touch@^3.1.0
24 silly packumentCache full:https://registry.npmjs.org/touch cache-miss
25 http fetch GET 200 https://registry.npmjs.org/touch 34ms (cache miss)
26 silly packumentCache full:https://registry.npmjs.org/touch set size:undefined disposed:false
27 silly fetch manifest semver@^7.5.3
28 silly packumentCache full:https://registry.npmjs.org/semver cache-miss
29 http fetch GET 200 https://registry.npmjs.org/semver 39ms (cache miss)
30 silly packumentCache full:https://registry.npmjs.org/semver set size:undefined disposed:false
31 silly fetch manifest chokidar@^3.5.2
32 silly packumentCache full:https://registry.npmjs.org/chokidar cache-miss
33 http fetch GET 200 https://registry.npmjs.org/chokidar 44ms (cache miss)
34 silly packumentCache full:https://registry.npmjs.org/chokidar set size:undefined disposed:false
35 silly fetch manifest minimatch@^3.1.2
36 silly packumentCache full:https://registry.npmjs.org/minimatch cache-miss
37 http fetch GET 200 https://registry.npmjs.org/minimatch 50ms (cache miss)
38 silly packumentCache full:https://registry.npmjs.org/minimatch set size:undefined disposed:false
39 silly fetch manifest undefsafe@^2.0.5
40 silly packumentCache full:https://registry.npmjs.org/undefsafe cache-miss
41 http fetch GET 200 https://registry.npmjs.org/undefsafe 32ms (cache miss)
42 silly packumentCache full:https://registry.npmjs.org/undefsafe set size:undefined disposed:false
43 silly fetch manifest pstree.remy@^1.1.8
44 silly packumentCache full:https://registry.npmjs.org/pstree.remy cache-miss
45 http fetch GET 200 https://registry.npmjs.org/pstree.remy 31ms (cache miss)
46 silly packumentCache full:https://registry.npmjs.org/pstree.remy set size:undefined disposed:false
47 silly fetch manifest supports-color@^5.5.0
48 silly packumentCache full:https://registry.npmjs.org/supports-color cache-miss
49 http fetch GET 200 https://registry.npmjs.org/supports-color 54ms (cache miss)
50 silly packumentCache full:https://registry.npmjs.org/supports-color set size:undefined disposed:false
51 silly fetch manifest ignore-by-default@^1.0.1
52 silly packumentCache full:https://registry.npmjs.org/ignore-by-default cache-miss
53 http fetch GET 200 https://registry.npmjs.org/ignore-by-default 50ms (cache miss)
54 silly packumentCache full:https://registry.npmjs.org/ignore-by-default set size:undefined disposed:false
55 silly fetch manifest simple-update-notifier@^2.0.0
56 silly packumentCache full:https://registry.npmjs.org/simple-update-notifier cache-miss
57 http fetch GET 200 https://registry.npmjs.org/simple-update-notifier 49ms (cache miss)
58 silly packumentCache full:https://registry.npmjs.org/simple-update-notifier set size:undefined disposed:false
59 silly placeDep ROOT chokidar@3.6.0 OK for: nodemon@3.1.10 want: ^3.5.2
60 silly placeDep node_modules/nodemon debug@4.4.1 OK for: nodemon@3.1.10 want: ^4
61 silly placeDep ROOT ignore-by-default@1.0.1 OK for: nodemon@3.1.10 want: ^1.0.1
62 silly placeDep ROOT minimatch@3.1.2 OK for: nodemon@3.1.10 want: ^3.1.2
63 silly placeDep ROOT pstree.remy@1.1.8 OK for: nodemon@3.1.10 want: ^1.1.8
64 silly placeDep ROOT semver@7.7.2 OK for: nodemon@3.1.10 want: ^7.5.3
65 silly placeDep ROOT simple-update-notifier@2.0.0 OK for: nodemon@3.1.10 want: ^2.0.0
66 silly placeDep ROOT supports-color@5.5.0 OK for: nodemon@3.1.10 want: ^5.5.0
67 silly placeDep ROOT touch@3.1.1 OK for: nodemon@3.1.10 want: ^3.1.0
68 silly placeDep ROOT undefsafe@2.0.5 OK for: nodemon@3.1.10 want: ^2.0.5
69 silly fetch manifest braces@~3.0.2
70 silly packumentCache full:https://registry.npmjs.org/braces cache-miss
71 http fetch GET 200 https://registry.npmjs.org/braces 54ms (cache miss)
72 silly packumentCache full:https://registry.npmjs.org/braces set size:undefined disposed:false
73 silly fetch manifest is-glob@~4.0.1
74 silly packumentCache full:https://registry.npmjs.org/is-glob cache-miss
75 http fetch GET 200 https://registry.npmjs.org/is-glob 33ms (cache miss)
76 silly packumentCache full:https://registry.npmjs.org/is-glob set size:undefined disposed:false
77 silly fetch manifest anymatch@~3.1.2
78 silly packumentCache full:https://registry.npmjs.org/anymatch cache-miss
79 http fetch GET 200 https://registry.npmjs.org/anymatch 35ms (cache miss)
80 silly packumentCache full:https://registry.npmjs.org/anymatch set size:undefined disposed:false
81 silly fetch manifest readdirp@~3.6.0
82 silly packumentCache full:https://registry.npmjs.org/readdirp cache-miss
83 http fetch GET 200 https://registry.npmjs.org/readdirp 36ms (cache miss)
84 silly packumentCache full:https://registry.npmjs.org/readdirp set size:undefined disposed:false
85 silly fetch manifest glob-parent@~5.1.2
86 silly packumentCache full:https://registry.npmjs.org/glob-parent cache-miss
87 http fetch GET 200 https://registry.npmjs.org/glob-parent 53ms (cache miss)
88 silly packumentCache full:https://registry.npmjs.org/glob-parent set size:undefined disposed:false
89 silly fetch manifest is-binary-path@~2.1.0
90 silly packumentCache full:https://registry.npmjs.org/is-binary-path cache-miss
91 http fetch GET 200 https://registry.npmjs.org/is-binary-path 29ms (cache miss)
92 silly packumentCache full:https://registry.npmjs.org/is-binary-path set size:undefined disposed:false
93 silly fetch manifest normalize-path@~3.0.0
94 silly packumentCache full:https://registry.npmjs.org/normalize-path cache-miss
95 http fetch GET 200 https://registry.npmjs.org/normalize-path 46ms (cache miss)
96 silly packumentCache full:https://registry.npmjs.org/normalize-path set size:undefined disposed:false
97 silly fetch manifest fsevents@~2.3.2
98 silly packumentCache full:https://registry.npmjs.org/fsevents cache-miss
99 http fetch GET 200 https://registry.npmjs.org/fsevents 40ms (cache miss)
100 silly packumentCache full:https://registry.npmjs.org/fsevents set size:undefined disposed:false
101 silly fetch manifest ms@^2.1.3
102 silly packumentCache full:https://registry.npmjs.org/ms cache-miss
103 http fetch GET 200 https://registry.npmjs.org/ms 39ms (cache miss)
104 silly packumentCache full:https://registry.npmjs.org/ms set size:undefined disposed:false
105 silly fetch manifest brace-expansion@^1.1.7
106 silly packumentCache full:https://registry.npmjs.org/brace-expansion cache-miss
107 http fetch GET 200 https://registry.npmjs.org/brace-expansion 33ms (cache miss)
108 silly packumentCache full:https://registry.npmjs.org/brace-expansion set size:undefined disposed:false
109 silly fetch manifest has-flag@^3.0.0
110 silly packumentCache full:https://registry.npmjs.org/has-flag cache-miss
111 http fetch GET 200 https://registry.npmjs.org/has-flag 31ms (cache miss)
112 silly packumentCache full:https://registry.npmjs.org/has-flag set size:undefined disposed:false
113 silly placeDep ROOT anymatch@3.1.3 OK for: chokidar@3.6.0 want: ~3.1.2
114 silly placeDep ROOT braces@3.0.3 OK for: chokidar@3.6.0 want: ~3.0.2
115 silly placeDep ROOT fsevents@2.3.3 OK for: chokidar@3.6.0 want: ~2.3.2
116 silly placeDep ROOT glob-parent@5.1.2 OK for: chokidar@3.6.0 want: ~5.1.2
117 silly placeDep ROOT is-binary-path@2.1.0 OK for: chokidar@3.6.0 want: ~2.1.0
118 silly placeDep ROOT is-glob@4.0.3 OK for: chokidar@3.6.0 want: ~4.0.1
119 silly placeDep ROOT normalize-path@3.0.0 OK for: chokidar@3.6.0 want: ~3.0.0
120 silly placeDep ROOT readdirp@3.6.0 OK for: chokidar@3.6.0 want: ~3.6.0
121 silly fetch manifest picomatch@^2.0.4
122 silly packumentCache full:https://registry.npmjs.org/picomatch cache-miss
123 http fetch GET 200 https://registry.npmjs.org/picomatch 66ms (cache miss)
124 silly packumentCache full:https://registry.npmjs.org/picomatch set size:undefined disposed:false
125 silly fetch manifest normalize-path@^3.0.0
126 silly packumentCache full:https://registry.npmjs.org/normalize-path cache-miss
127 http fetch GET 200 https://registry.npmjs.org/normalize-path 8ms (cache hit)
128 silly packumentCache full:https://registry.npmjs.org/normalize-path set size:28713 disposed:false
129 silly fetch manifest fill-range@^7.1.1
130 silly packumentCache full:https://registry.npmjs.org/fill-range cache-miss
131 http fetch GET 200 https://registry.npmjs.org/fill-range 56ms (cache miss)
132 silly packumentCache full:https://registry.npmjs.org/fill-range set size:undefined disposed:false
133 silly fetch manifest is-glob@^4.0.1
134 silly packumentCache full:https://registry.npmjs.org/is-glob cache-miss
135 http fetch GET 200 https://registry.npmjs.org/is-glob 3ms (cache hit)
136 silly packumentCache full:https://registry.npmjs.org/is-glob set size:40530 disposed:false
137 silly fetch manifest binary-extensions@^2.0.0
138 silly packumentCache full:https://registry.npmjs.org/binary-extensions cache-miss
139 http fetch GET 200 https://registry.npmjs.org/binary-extensions 30ms (cache miss)
140 silly packumentCache full:https://registry.npmjs.org/binary-extensions set size:undefined disposed:false
141 silly fetch manifest is-extglob@^2.1.1
142 silly packumentCache full:https://registry.npmjs.org/is-extglob cache-miss
143 http fetch GET 200 https://registry.npmjs.org/is-extglob 36ms (cache miss)
144 silly packumentCache full:https://registry.npmjs.org/is-extglob set size:undefined disposed:false
145 silly fetch manifest picomatch@^2.2.1
146 silly packumentCache full:https://registry.npmjs.org/picomatch cache-miss
147 http fetch GET 200 https://registry.npmjs.org/picomatch 3ms (cache hit)
148 silly packumentCache full:https://registry.npmjs.org/picomatch set size:116191 disposed:false
149 silly placeDep ROOT picomatch@2.3.1 OK for: anymatch@3.1.3 want: ^2.0.4
150 silly placeDep ROOT fill-range@7.1.1 OK for: braces@3.0.3 want: ^7.1.1
151 silly fetch manifest to-regex-range@^5.0.1
152 silly packumentCache full:https://registry.npmjs.org/to-regex-range cache-miss
153 http fetch GET 200 https://registry.npmjs.org/to-regex-range 53ms (cache miss)
154 silly packumentCache full:https://registry.npmjs.org/to-regex-range set size:undefined disposed:false
155 silly placeDep ROOT to-regex-range@5.0.1 OK for: fill-range@7.1.1 want: ^5.0.1
156 silly fetch manifest is-number@^7.0.0
157 silly packumentCache full:https://registry.npmjs.org/is-number cache-miss
158 http fetch GET 200 https://registry.npmjs.org/is-number 46ms (cache miss)
159 silly packumentCache full:https://registry.npmjs.org/is-number set size:undefined disposed:false
160 silly placeDep ROOT binary-extensions@2.3.0 OK for: is-binary-path@2.1.0 want: ^2.0.0
161 silly placeDep ROOT is-extglob@2.1.1 OK for: is-glob@4.0.3 want: ^2.1.1
162 silly placeDep ROOT brace-expansion@1.1.12 OK for: minimatch@3.1.2 want: ^1.1.7
163 silly fetch manifest balanced-match@^1.0.0
164 silly packumentCache full:https://registry.npmjs.org/balanced-match cache-miss
165 http fetch GET 200 https://registry.npmjs.org/balanced-match 44ms (cache miss)
166 silly packumentCache full:https://registry.npmjs.org/balanced-match set size:undefined disposed:false
167 silly fetch manifest concat-map@0.0.1
168 silly packumentCache full:https://registry.npmjs.org/concat-map cache-miss
169 http fetch GET 200 https://registry.npmjs.org/concat-map 35ms (cache miss)
170 silly packumentCache full:https://registry.npmjs.org/concat-map set size:undefined disposed:false
171 silly placeDep ROOT balanced-match@1.0.2 OK for: brace-expansion@1.1.12 want: ^1.0.0
172 silly placeDep ROOT concat-map@0.0.1 OK for: brace-expansion@1.1.12 want: 0.0.1
173 silly placeDep ROOT has-flag@3.0.0 OK for: supports-color@5.5.0 want: ^3.0.0
174 silly placeDep ROOT is-number@7.0.0 OK for: to-regex-range@5.0.1 want: ^7.0.0
175 silly placeDep node_modules/nodemon ms@2.1.3 OK for: debug@4.4.1 want: ^2.1.3
176 silly reify moves {}
177 silly audit bulk request {
177 silly audit   accepts: [ '1.3.8' ],
177 silly audit   'array-flatten': [ '1.1.1' ],
177 silly audit   'aws-ssl-profiles': [ '1.1.2' ],
177 silly audit   'body-parser': [ '1.20.3' ],
177 silly audit   bytes: [ '3.1.2' ],
177 silly audit   'call-bind-apply-helpers': [ '1.0.2' ],
177 silly audit   'call-bound': [ '1.0.4' ],
177 silly audit   'content-disposition': [ '0.5.4' ],
177 silly audit   'content-type': [ '1.0.5' ],
177 silly audit   cookie: [ '0.7.1' ],
177 silly audit   'cookie-signature': [ '1.0.6' ],
177 silly audit   cors: [ '2.8.5' ],
177 silly audit   debug: [ '2.6.9', '4.4.1' ],
177 silly audit   denque: [ '2.1.0' ],
177 silly audit   depd: [ '2.0.0' ],
177 silly audit   destroy: [ '1.2.0' ],
177 silly audit   dotenv: [ '16.5.0' ],
177 silly audit   'dunder-proto': [ '1.0.1' ],
177 silly audit   'ee-first': [ '1.1.1' ],
177 silly audit   encodeurl: [ '2.0.0', '1.0.2' ],
177 silly audit   'es-define-property': [ '1.0.1' ],
177 silly audit   'es-errors': [ '1.3.0' ],
177 silly audit   'es-object-atoms': [ '1.1.1' ],
177 silly audit   'escape-html': [ '1.0.3' ],
177 silly audit   etag: [ '1.8.1' ],
177 silly audit   express: [ '4.21.2' ],
177 silly audit   finalhandler: [ '1.3.1' ],
177 silly audit   forwarded: [ '0.2.0' ],
177 silly audit   fresh: [ '0.5.2' ],
177 silly audit   'function-bind': [ '1.1.2' ],
177 silly audit   'generate-function': [ '2.3.1' ],
177 silly audit   'get-intrinsic': [ '1.3.0' ],
177 silly audit   'get-proto': [ '1.0.1' ],
177 silly audit   gopd: [ '1.2.0' ],
177 silly audit   'has-symbols': [ '1.1.0' ],
177 silly audit   hasown: [ '2.0.2' ],
177 silly audit   'http-errors': [ '2.0.0' ],
177 silly audit   'iconv-lite': [ '0.4.24', '0.6.3' ],
177 silly audit   inherits: [ '2.0.4' ],
177 silly audit   'ipaddr.js': [ '1.9.1' ],
177 silly audit   'is-property': [ '1.0.2' ],
177 silly audit   long: [ '5.3.2' ],
177 silly audit   'lru-cache': [ '7.18.3' ],
177 silly audit   'lru.min': [ '1.1.2' ],
177 silly audit   'math-intrinsics': [ '1.1.0' ],
177 silly audit   'media-typer': [ '0.3.0' ],
177 silly audit   'merge-descriptors': [ '1.0.3' ],
177 silly audit   methods: [ '1.1.2' ],
177 silly audit   mime: [ '1.6.0' ],
177 silly audit   'mime-db': [ '1.52.0' ],
177 silly audit   'mime-types': [ '2.1.35' ],
177 silly audit   ms: [ '2.0.0', '2.1.3' ],
177 silly audit   mysql2: [ '3.14.1' ],
177 silly audit   'named-placeholders': [ '1.1.3' ],
177 silly audit   negotiator: [ '0.6.3' ],
177 silly audit   'object-assign': [ '4.1.1' ],
177 silly audit   'object-inspect': [ '1.13.4' ],
177 silly audit   'on-finished': [ '2.4.1' ],
177 silly audit   parseurl: [ '1.3.3' ],
177 silly audit   'path-to-regexp': [ '0.1.12' ],
177 silly audit   'proxy-addr': [ '2.0.7' ],
177 silly audit   qs: [ '6.13.0' ],
177 silly audit   'range-parser': [ '1.2.1' ],
177 silly audit   'raw-body': [ '2.5.2' ],
177 silly audit   'safe-buffer': [ '5.2.1' ],
177 silly audit   'safer-buffer': [ '2.1.2' ],
177 silly audit   send: [ '0.19.0' ],
177 silly audit   'seq-queue': [ '0.0.5' ],
177 silly audit   'serve-static': [ '1.16.2' ],
177 silly audit   setprototypeof: [ '1.2.0' ],
177 silly audit   'side-channel': [ '1.1.0' ],
177 silly audit   'side-channel-list': [ '1.0.0' ],
177 silly audit   'side-channel-map': [ '1.0.1' ],
177 silly audit   'side-channel-weakmap': [ '1.0.2' ],
177 silly audit   sqlstring: [ '2.3.3' ],
177 silly audit   statuses: [ '2.0.1' ],
177 silly audit   toidentifier: [ '1.0.1' ],
177 silly audit   'type-is': [ '1.6.18' ],
177 silly audit   unpipe: [ '1.0.0' ],
177 silly audit   'utils-merge': [ '1.0.1' ],
177 silly audit   vary: [ '1.1.2' ],
177 silly audit   nodemon: [ '3.1.10' ],
177 silly audit   chokidar: [ '3.6.0' ],
177 silly audit   'ignore-by-default': [ '1.0.1' ],
177 silly audit   minimatch: [ '3.1.2' ],
177 silly audit   'pstree.remy': [ '1.1.8' ],
177 silly audit   semver: [ '7.7.2' ],
177 silly audit   'simple-update-notifier': [ '2.0.0' ],
177 silly audit   'supports-color': [ '5.5.0' ],
177 silly audit   touch: [ '3.1.1' ],
177 silly audit   undefsafe: [ '2.0.5' ],
177 silly audit   anymatch: [ '3.1.3' ],
177 silly audit   braces: [ '3.0.3' ],
177 silly audit   fsevents: [ '2.3.3' ],
177 silly audit   'glob-parent': [ '5.1.2' ],
177 silly audit   'is-binary-path': [ '2.1.0' ],
177 silly audit   'is-glob': [ '4.0.3' ],
177 silly audit   'normalize-path': [ '3.0.0' ],
177 silly audit   readdirp: [ '3.6.0' ],
177 silly audit   picomatch: [ '2.3.1' ],
177 silly audit   'fill-range': [ '7.1.1' ],
177 silly audit   'to-regex-range': [ '5.0.1' ],
177 silly audit   'binary-extensions': [ '2.3.0' ],
177 silly audit   'is-extglob': [ '2.1.1' ],
177 silly audit   'brace-expansion': [ '1.1.12' ],
177 silly audit   'balanced-match': [ '1.0.2' ],
177 silly audit   'concat-map': [ '0.0.1' ],
177 silly audit   'has-flag': [ '3.0.0' ],
177 silly audit   'is-number': [ '7.0.0' ]
177 silly audit }
178 verbose reify failed optional dependency /home/ubuntu/3tierweekendbackend/node_modules/fsevents
179 silly reify mark deleted [ '/home/ubuntu/3tierweekendbackend/node_modules/fsevents' ]
180 silly tarball no local data for is-number@https://registry.npmjs.org/is-number/-/is-number-7.0.0.tgz. Extracting by manifest.
181 silly tarball no local data for has-flag@https://registry.npmjs.org/has-flag/-/has-flag-3.0.0.tgz. Extracting by manifest.
182 silly tarball no local data for concat-map@https://registry.npmjs.org/concat-map/-/concat-map-0.0.1.tgz. Extracting by manifest.
183 silly tarball no local data for balanced-match@https://registry.npmjs.org/balanced-match/-/balanced-match-1.0.2.tgz. Extracting by manifest.
184 silly tarball no local data for brace-expansion@https://registry.npmjs.org/brace-expansion/-/brace-expansion-1.1.12.tgz. Extracting by manifest.
185 silly tarball no local data for is-extglob@https://registry.npmjs.org/is-extglob/-/is-extglob-2.1.1.tgz. Extracting by manifest.
186 silly tarball no local data for binary-extensions@https://registry.npmjs.org/binary-extensions/-/binary-extensions-2.3.0.tgz. Extracting by manifest.
187 silly tarball no local data for to-regex-range@https://registry.npmjs.org/to-regex-range/-/to-regex-range-5.0.1.tgz. Extracting by manifest.
188 silly tarball no local data for fill-range@https://registry.npmjs.org/fill-range/-/fill-range-7.1.1.tgz. Extracting by manifest.
189 silly tarball no local data for picomatch@https://registry.npmjs.org/picomatch/-/picomatch-2.3.1.tgz. Extracting by manifest.
190 silly tarball no local data for readdirp@https://registry.npmjs.org/readdirp/-/readdirp-3.6.0.tgz. Extracting by manifest.
191 silly tarball no local data for normalize-path@https://registry.npmjs.org/normalize-path/-/normalize-path-3.0.0.tgz. Extracting by manifest.
192 silly tarball no local data for is-glob@https://registry.npmjs.org/is-glob/-/is-glob-4.0.3.tgz. Extracting by manifest.
193 silly tarball no local data for is-binary-path@https://registry.npmjs.org/is-binary-path/-/is-binary-path-2.1.0.tgz. Extracting by manifest.
194 silly tarball no local data for glob-parent@https://registry.npmjs.org/glob-parent/-/glob-parent-5.1.2.tgz. Extracting by manifest.
195 silly tarball no local data for braces@https://registry.npmjs.org/braces/-/braces-3.0.3.tgz. Extracting by manifest.
196 silly tarball no local data for anymatch@https://registry.npmjs.org/anymatch/-/anymatch-3.1.3.tgz. Extracting by manifest.
197 silly tarball no local data for undefsafe@https://registry.npmjs.org/undefsafe/-/undefsafe-2.0.5.tgz. Extracting by manifest.
198 silly tarball no local data for touch@https://registry.npmjs.org/touch/-/touch-3.1.1.tgz. Extracting by manifest.
199 silly tarball no local data for supports-color@https://registry.npmjs.org/supports-color/-/supports-color-5.5.0.tgz. Extracting by manifest.
200 silly tarball no local data for simple-update-notifier@https://registry.npmjs.org/simple-update-notifier/-/simple-update-notifier-2.0.0.tgz. Extracting by manifest.
201 silly tarball no local data for semver@https://registry.npmjs.org/semver/-/semver-7.7.2.tgz. Extracting by manifest.
202 silly tarball no local data for pstree.remy@https://registry.npmjs.org/pstree.remy/-/pstree.remy-1.1.8.tgz. Extracting by manifest.
203 silly tarball no local data for minimatch@https://registry.npmjs.org/minimatch/-/minimatch-3.1.2.tgz. Extracting by manifest.
204 silly tarball no local data for ignore-by-default@https://registry.npmjs.org/ignore-by-default/-/ignore-by-default-1.0.1.tgz. Extracting by manifest.
205 silly tarball no local data for chokidar@https://registry.npmjs.org/chokidar/-/chokidar-3.6.0.tgz. Extracting by manifest.
206 silly tarball no local data for nodemon@https://registry.npmjs.org/nodemon/-/nodemon-3.1.10.tgz. Extracting by manifest.
207 silly tarball no local data for debug@https://registry.npmjs.org/debug/-/debug-4.4.1.tgz. Extracting by manifest.
208 http fetch GET 200 https://registry.npmjs.org/concat-map/-/concat-map-0.0.1.tgz 311ms (cache miss)
209 http fetch GET 200 https://registry.npmjs.org/is-extglob/-/is-extglob-2.1.1.tgz 314ms (cache miss)
210 http fetch GET 200 https://registry.npmjs.org/has-flag/-/has-flag-3.0.0.tgz 327ms (cache miss)
211 http fetch GET 200 https://registry.npmjs.org/fill-range/-/fill-range-7.1.1.tgz 322ms (cache miss)
212 http fetch GET 200 https://registry.npmjs.org/is-binary-path/-/is-binary-path-2.1.0.tgz 319ms (cache miss)
213 http fetch GET 200 https://registry.npmjs.org/is-number/-/is-number-7.0.0.tgz 336ms (cache miss)
214 http fetch GET 200 https://registry.npmjs.org/binary-extensions/-/binary-extensions-2.3.0.tgz 331ms (cache miss)
215 http fetch GET 200 https://registry.npmjs.org/balanced-match/-/balanced-match-1.0.2.tgz 334ms (cache miss)
216 http fetch GET 200 https://registry.npmjs.org/anymatch/-/anymatch-3.1.3.tgz 321ms (cache miss)
217 http fetch POST 200 https://registry.npmjs.org/-/npm/v1/security/advisories/bulk 362ms
218 silly audit report {}
219 http fetch GET 200 https://registry.npmjs.org/normalize-path/-/normalize-path-3.0.0.tgz 332ms (cache miss)
220 http fetch GET 200 https://registry.npmjs.org/is-glob/-/is-glob-4.0.3.tgz 332ms (cache miss)
221 http fetch GET 200 https://registry.npmjs.org/brace-expansion/-/brace-expansion-1.1.12.tgz 341ms (cache miss)
222 http fetch GET 200 https://registry.npmjs.org/undefsafe/-/undefsafe-2.0.5.tgz 328ms (cache miss)
223 http fetch GET 200 https://registry.npmjs.org/supports-color/-/supports-color-5.5.0.tgz 328ms (cache miss)
224 http fetch GET 200 https://registry.npmjs.org/ignore-by-default/-/ignore-by-default-1.0.1.tgz 317ms (cache miss)
225 http fetch GET 200 https://registry.npmjs.org/to-regex-range/-/to-regex-range-5.0.1.tgz 346ms (cache miss)
226 http fetch GET 200 https://registry.npmjs.org/glob-parent/-/glob-parent-5.1.2.tgz 339ms (cache miss)
227 http fetch GET 200 https://registry.npmjs.org/touch/-/touch-3.1.1.tgz 335ms (cache miss)
228 http fetch GET 200 https://registry.npmjs.org/readdirp/-/readdirp-3.6.0.tgz 345ms (cache miss)
229 http fetch GET 200 https://registry.npmjs.org/pstree.remy/-/pstree.remy-1.1.8.tgz 343ms (cache miss)
230 http fetch GET 200 https://registry.npmjs.org/simple-update-notifier/-/simple-update-notifier-2.0.0.tgz 345ms (cache miss)
231 http fetch GET 200 https://registry.npmjs.org/minimatch/-/minimatch-3.1.2.tgz 337ms (cache miss)
232 http fetch GET 200 https://registry.npmjs.org/braces/-/braces-3.0.3.tgz 361ms (cache miss)
233 http fetch GET 200 https://registry.npmjs.org/debug/-/debug-4.4.1.tgz 346ms (cache miss)
234 http fetch GET 200 https://registry.npmjs.org/chokidar/-/chokidar-3.6.0.tgz 349ms (cache miss)
235 http fetch GET 200 https://registry.npmjs.org/picomatch/-/picomatch-2.3.1.tgz 373ms (cache miss)
236 http fetch GET 200 https://registry.npmjs.org/semver/-/semver-7.7.2.tgz 380ms (cache miss)
237 http fetch GET 200 https://registry.npmjs.org/nodemon/-/nodemon-3.1.10.tgz 375ms (cache miss)
238 silly ADD node_modules/is-number
239 silly ADD node_modules/has-flag
240 silly ADD node_modules/concat-map
241 silly ADD node_modules/balanced-match
242 silly ADD node_modules/brace-expansion
243 silly ADD node_modules/is-extglob
244 silly ADD node_modules/binary-extensions
245 silly ADD node_modules/to-regex-range
246 silly ADD node_modules/fill-range
247 silly ADD node_modules/picomatch
248 silly ADD node_modules/readdirp
249 silly ADD node_modules/normalize-path
250 silly ADD node_modules/is-glob
251 silly ADD node_modules/is-binary-path
252 silly ADD node_modules/glob-parent
253 silly ADD
254 silly ADD node_modules/braces
255 silly ADD node_modules/anymatch
256 silly ADD node_modules/undefsafe
257 silly ADD node_modules/touch
258 silly ADD node_modules/supports-color
259 silly ADD node_modules/simple-update-notifier
260 silly ADD node_modules/semver
261 silly ADD node_modules/pstree.remy
262 silly ADD node_modules/minimatch
263 silly ADD node_modules/ignore-by-default
264 silly ADD node_modules/chokidar
265 silly ADD node_modules/nodemon
266 silly ADD node_modules/nodemon/node_modules/ms
267 silly ADD node_modules/nodemon/node_modules/debug
268 verbose cwd /home/ubuntu/3tierweekendbackend
269 verbose os Linux 6.8.0-1029-aws
270 verbose node v20.19.3
271 verbose npm  v10.8.2
272 verbose exit 0
273 info ok
